# JRE version: OpenJDK Runtime Environment (8.0_242-b01) (build 1.8.0_242-release-1644-b01)
# Java VM: OpenJDK 64-Bit Server VM (25.242-b01 mixed mode windows-amd64 compressed oops)
Heap:
 PSYoungGen      total 106496K, used 16237K [0x00000000eab00000, 0x00000000f2b00000, 0x0000000100000000)
  eden space 99840K, 9% used [0x00000000eab00000,0x00000000eb48b318,0x00000000f0c80000)
  from space 6656K, 97% used [0x00000000f2480000,0x00000000f2ad0398,0x00000000f2b00000)
  to   space 10752K, 0% used [0x00000000f1600000,0x00000000f1600000,0x00000000f2080000)
 ParOldGen       total 73216K, used 14691K [0x00000000c0000000, 0x00000000c4780000, 0x00000000eab00000)
  object space 73216K, 20% used [0x00000000c0000000,0x00000000c0e58cf8,0x00000000c4780000)
 Metaspace       used 36827K, capacity 38322K, committed 38440K, reserved 1083392K
  class space    used 5057K, capacity 5394K, committed 5424K, reserved 1048576K
GC Heap History (10 events):
Event: 13.212 GC heap before
{Heap before GC invocations=8 (full 1):
 PSYoungGen      total 54272K, used 51476K [0x00000000eab00000, 0x00000000f1200000, 0x0000000100000000)
  eden space 46080K, 100% used [0x00000000eab00000,0x00000000ed800000,0x00000000ed800000)
  from space 8192K, 65% used [0x00000000ee300000,0x00000000ee845188,0x00000000eeb00000)
  to   space 11264K, 0% used [0x00000000ed800000,0x00000000ed800000,0x00000000ee300000)
 ParOldGen       total 73216K, used 7684K [0x00000000c0000000, 0x00000000c4780000, 0x00000000eab00000)
  object space 73216K, 10% used [0x00000000c0000000,0x00000000c0781208,0x00000000c4780000)
 Metaspace       used 31226K, capacity 32142K, committed 32432K, reserved 1077248K
  class space    used 4229K, capacity 4434K, committed 4528K, reserved 1048576K
Event: 13.241 GC heap after
Heap after GC invocations=8 (full 1):
 PSYoungGen      total 57344K, used 7802K [0x00000000eab00000, 0x00000000f0a80000, 0x0000000100000000)
  eden space 46080K, 0% used [0x00000000eab00000,0x00000000eab00000,0x00000000ed800000)
  from space 11264K, 69% used [0x00000000ed800000,0x00000000edf9e9d0,0x00000000ee300000)
  to   space 10752K, 0% used [0x00000000f0000000,0x00000000f0000000,0x00000000f0a80000)
 ParOldGen       total 73216K, used 7692K [0x00000000c0000000, 0x00000000c4780000, 0x00000000eab00000)
  object space 73216K, 10% used [0x00000000c0000000,0x00000000c0783208,0x00000000c4780000)
 Metaspace       used 31226K, capacity 32142K, committed 32432K, reserved 1077248K
  class space    used 4229K, capacity 4434K, committed 4528K, reserved 1048576K
}
Event: 14.880 GC heap before
{Heap before GC invocations=9 (full 1):
 PSYoungGen      total 57344K, used 53882K [0x00000000eab00000, 0x00000000f0a80000, 0x0000000100000000)
  eden space 46080K, 100% used [0x00000000eab00000,0x00000000ed800000,0x00000000ed800000)
  from space 11264K, 69% used [0x00000000ed800000,0x00000000edf9e9d0,0x00000000ee300000)
  to   space 10752K, 0% used [0x00000000f0000000,0x00000000f0000000,0x00000000f0a80000)
 ParOldGen       total 73216K, used 7692K [0x00000000c0000000, 0x00000000c4780000, 0x00000000eab00000)
  object space 73216K, 10% used [0x00000000c0000000,0x00000000c0783208,0x00000000c4780000)
 Metaspace       used 33516K, capacity 34674K, committed 34864K, reserved 1079296K
  class space    used 4592K, capacity 4890K, committed 4912K, reserved 1048576K
Event: 14.948 GC heap after
Heap after GC invocations=9 (full 1):
 PSYoungGen      total 86528K, used 8864K [0x00000000eab00000, 0x00000000f0e80000, 0x0000000100000000)
  eden space 75776K, 0% used [0x00000000eab00000,0x00000000eab00000,0x00000000ef500000)
  from space 10752K, 82% used [0x00000000f0000000,0x00000000f08a8318,0x00000000f0a80000)
  to   space 11264K, 0% used [0x00000000ef500000,0x00000000ef500000,0x00000000f0000000)
 ParOldGen       total 73216K, used 7700K [0x00000000c0000000, 0x00000000c4780000, 0x00000000eab00000)
  object space 73216K, 10% used [0x00000000c0000000,0x00000000c0785208,0x00000000c4780000)
 Metaspace       used 33516K, capacity 34674K, committed 34864K, reserved 1079296K
  class space    used 4592K, capacity 4890K, committed 4912K, reserved 1048576K
}
Event: 15.522 GC heap before
{Heap before GC invocations=10 (full 1):
 PSYoungGen      total 86528K, used 28242K [0x00000000eab00000, 0x00000000f0e80000, 0x0000000100000000)
  eden space 75776K, 25% used [0x00000000eab00000,0x00000000ebdec6d8,0x00000000ef500000)
  from space 10752K, 82% used [0x00000000f0000000,0x00000000f08a8318,0x00000000f0a80000)
  to   space 11264K, 0% used [0x00000000ef500000,0x00000000ef500000,0x00000000f0000000)
 ParOldGen       total 73216K, used 7700K [0x00000000c0000000, 0x00000000c4780000, 0x00000000eab00000)
  object space 73216K, 10% used [0x00000000c0000000,0x00000000c0785208,0x00000000c4780000)
 Metaspace       used 34302K, capacity 35450K, committed 35496K, reserved 1079296K
  class space    used 4723K, capacity 5034K, committed 5040K, reserved 1048576K
Event: 15.590 GC heap after
Heap after GC invocations=10 (full 1):
 PSYoungGen      total 87040K, used 6672K [0x00000000eab00000, 0x00000000f2f00000, 0x0000000100000000)
  eden space 75776K, 0% used [0x00000000eab00000,0x00000000eab00000,0x00000000ef500000)
  from space 11264K, 59% used [0x00000000ef500000,0x00000000efb841d0,0x00000000f0000000)
  to   space 10752K, 0% used [0x00000000f2480000,0x00000000f2480000,0x00000000f2f00000)
 ParOldGen       total 73216K, used 9378K [0x00000000c0000000, 0x00000000c4780000, 0x00000000eab00000)
  object space 73216K, 12% used [0x00000000c0000000,0x00000000c0928be8,0x00000000c4780000)
 Metaspace       used 34302K, capacity 35450K, committed 35496K, reserved 1079296K
  class space    used 4723K, capacity 5034K, committed 5040K, reserved 1048576K
}
Event: 15.591 GC heap before
{Heap before GC invocations=11 (full 2):
 PSYoungGen      total 87040K, used 6672K [0x00000000eab00000, 0x00000000f2f00000, 0x0000000100000000)
  eden space 75776K, 0% used [0x00000000eab00000,0x00000000eab00000,0x00000000ef500000)
  from space 11264K, 59% used [0x00000000ef500000,0x00000000efb841d0,0x00000000f0000000)
  to   space 10752K, 0% used [0x00000000f2480000,0x00000000f2480000,0x00000000f2f00000)
 ParOldGen       total 73216K, used 9378K [0x00000000c0000000, 0x00000000c4780000, 0x00000000eab00000)
  object space 73216K, 12% used [0x00000000c0000000,0x00000000c0928be8,0x00000000c4780000)
 Metaspace       used 34302K, capacity 35450K, committed 35496K, reserved 1079296K
  class space    used 4723K, capacity 5034K, committed 5040K, reserved 1048576K
Event: 15.989 GC heap after
Heap after GC invocations=11 (full 2):
 PSYoungGen      total 87040K, used 0K [0x00000000eab00000, 0x00000000f2f00000, 0x0000000100000000)
  eden space 75776K, 0% used [0x00000000eab00000,0x00000000eab00000,0x00000000ef500000)
  from space 11264K, 0% used [0x00000000ef500000,0x00000000ef500000,0x00000000f0000000)
  to   space 10752K, 0% used [0x00000000f2480000,0x00000000f2480000,0x00000000f2f00000)
 ParOldGen       total 73216K, used 14683K [0x00000000c0000000, 0x00000000c4780000, 0x00000000eab00000)
  object space 73216K, 20% used [0x00000000c0000000,0x00000000c0e56cf8,0x00000000c4780000)
 Metaspace       used 34302K, capacity 35450K, committed 35496K, reserved 1079296K
  class space    used 4723K, capacity 5034K, committed 5040K, reserved 1048576K
}
Event: 17.546 GC heap before
{Heap before GC invocations=12 (full 2):
 PSYoungGen      total 87040K, used 75776K [0x00000000eab00000, 0x00000000f2f00000, 0x0000000100000000)
  eden space 75776K, 100% used [0x00000000eab00000,0x00000000ef500000,0x00000000ef500000)
  from space 11264K, 0% used [0x00000000ef500000,0x00000000ef500000,0x00000000f0000000)
  to   space 10752K, 0% used [0x00000000f2480000,0x00000000f2480000,0x00000000f2f00000)
 ParOldGen       total 73216K, used 14683K [0x00000000c0000000, 0x00000000c4780000, 0x00000000eab00000)
  object space 73216K, 20% used [0x00000000c0000000,0x00000000c0e56cf8,0x00000000c4780000)
 Metaspace       used 36436K, capacity 37880K, committed 38184K, reserved 1081344K
  class space    used 4993K, capacity 5317K, committed 5424K, reserved 1048576K
Event: 17.573 GC heap after
Heap after GC invocations=12 (full 2):
 PSYoungGen      total 106496K, used 6464K [0x00000000eab00000, 0x00000000f2b00000, 0x0000000100000000)
  eden space 99840K, 0% used [0x00000000eab00000,0x00000000eab00000,0x00000000f0c80000)
  from space 6656K, 97% used [0x00000000f2480000,0x00000000f2ad0398,0x00000000f2b00000)
  to   space 10752K, 0% used [0x00000000f1600000,0x00000000f1600000,0x00000000f2080000)
 ParOldGen       total 73216K, used 14691K [0x00000000c0000000, 0x00000000c4780000, 0x00000000eab00000)
  object space 73216K, 20% used [0x00000000c0000000,0x00000000c0e58cf8,0x00000000c4780000)
 Metaspace       used 36436K, capacity 37880K, committed 38184K, reserved 1081344K
  class space    used 4993K, capacity 5317K, committed 5424K, reserved 1048576K
}

