# JRE version: OpenJDK Runtime Environment (8.0_242-b01) (build 1.8.0_242-release-1644-b01)
# Java VM: OpenJDK 64-Bit Server VM (25.242-b01 mixed mode windows-amd64 compressed oops)
Heap:
 PSYoungGen      total 194048K, used 97511K [0x00000000d5580000, 0x00000000e3900000, 0x0000000100000000)
  eden space 178688K, 45% used [0x00000000d5580000,0x00000000da5c2620,0x00000000e0400000)
  from space 15360K, 99% used [0x00000000e2a00000,0x00000000e38f7930,0x00000000e3900000)
  to   space 22016K, 0% used [0x00000000e0e00000,0x00000000e0e00000,0x00000000e2380000)
 ParOldGen       total 182784K, used 34847K [0x0000000080000000, 0x000000008b280000, 0x00000000d5580000)
  object space 182784K, 19% used [0x0000000080000000,0x0000000082207e78,0x000000008b280000)
 Metaspace       used 70731K, capacity 73822K, committed 73944K, reserved 1114112K
  class space    used 9254K, capacity 9933K, committed 9984K, reserved 1048576K
GC Heap History (10 events):
Event: 31.448 GC heap before
{Heap before GC invocations=11 (full 2):
 PSYoungGen      total 138240K, used 124928K [0x00000000d5580000, 0x00000000dfc00000, 0x0000000100000000)
  eden space 124928K, 100% used [0x00000000d5580000,0x00000000dcf80000,0x00000000dcf80000)
  from space 13312K, 0% used [0x00000000ddd00000,0x00000000ddd00000,0x00000000dea00000)
  to   space 13824K, 0% used [0x00000000dcf80000,0x00000000dcf80000,0x00000000ddd00000)
 ParOldGen       total 121344K, used 16022K [0x0000000080000000, 0x0000000087680000, 0x00000000d5580000)
  object space 121344K, 13% used [0x0000000080000000,0x0000000080fa5ac0,0x0000000087680000)
 Metaspace       used 41456K, capacity 43294K, committed 43352K, reserved 1087488K
  class space    used 5602K, capacity 5997K, committed 6016K, reserved 1048576K
Event: 31.491 GC heap after
Heap after GC invocations=11 (full 2):
 PSYoungGen      total 138752K, used 12704K [0x00000000d5580000, 0x00000000e0b80000, 0x0000000100000000)
  eden space 124928K, 0% used [0x00000000d5580000,0x00000000d5580000,0x00000000dcf80000)
  from space 13824K, 91% used [0x00000000dcf80000,0x00000000ddbe82b0,0x00000000ddd00000)
  to   space 14848K, 0% used [0x00000000dfd00000,0x00000000dfd00000,0x00000000e0b80000)
 ParOldGen       total 121344K, used 16030K [0x0000000080000000, 0x0000000087680000, 0x00000000d5580000)
  object space 121344K, 13% used [0x0000000080000000,0x0000000080fa7ac0,0x0000000087680000)
 Metaspace       used 41456K, capacity 43294K, committed 43352K, reserved 1087488K
  class space    used 5602K, capacity 5997K, committed 6016K, reserved 1048576K
}
Event: 36.152 GC heap before
{Heap before GC invocations=12 (full 2):
 PSYoungGen      total 138752K, used 137632K [0x00000000d5580000, 0x00000000e0b80000, 0x0000000100000000)
  eden space 124928K, 100% used [0x00000000d5580000,0x00000000dcf80000,0x00000000dcf80000)
  from space 13824K, 91% used [0x00000000dcf80000,0x00000000ddbe82b0,0x00000000ddd00000)
  to   space 14848K, 0% used [0x00000000dfd00000,0x00000000dfd00000,0x00000000e0b80000)
 ParOldGen       total 121344K, used 16030K [0x0000000080000000, 0x0000000087680000, 0x00000000d5580000)
  object space 121344K, 13% used [0x0000000080000000,0x0000000080fa7ac0,0x0000000087680000)
 Metaspace       used 50371K, capacity 52448K, committed 52696K, reserved 1095680K
  class space    used 6676K, capacity 7144K, committed 7168K, reserved 1048576K
Event: 36.232 GC heap after
Heap after GC invocations=12 (full 2):
 PSYoungGen      total 167936K, used 14824K [0x00000000d5580000, 0x00000000e1380000, 0x0000000100000000)
  eden space 153088K, 0% used [0x00000000d5580000,0x00000000d5580000,0x00000000deb00000)
  from space 14848K, 99% used [0x00000000dfd00000,0x00000000e0b7a350,0x00000000e0b80000)
  to   space 18432K, 0% used [0x00000000deb00000,0x00000000deb00000,0x00000000dfd00000)
 ParOldGen       total 121344K, used 20235K [0x0000000080000000, 0x0000000087680000, 0x00000000d5580000)
  object space 121344K, 16% used [0x0000000080000000,0x00000000813c2fc8,0x0000000087680000)
 Metaspace       used 50371K, capacity 52448K, committed 52696K, reserved 1095680K
  class space    used 6676K, capacity 7144K, committed 7168K, reserved 1048576K
}
Event: 38.924 GC heap before
{Heap before GC invocations=13 (full 2):
 PSYoungGen      total 167936K, used 72525K [0x00000000d5580000, 0x00000000e1380000, 0x0000000100000000)
  eden space 153088K, 37% used [0x00000000d5580000,0x00000000d8dd9410,0x00000000deb00000)
  from space 14848K, 99% used [0x00000000dfd00000,0x00000000e0b7a350,0x00000000e0b80000)
  to   space 18432K, 0% used [0x00000000deb00000,0x00000000deb00000,0x00000000dfd00000)
 ParOldGen       total 121344K, used 20235K [0x0000000080000000, 0x0000000087680000, 0x00000000d5580000)
  object space 121344K, 16% used [0x0000000080000000,0x00000000813c2fc8,0x0000000087680000)
 Metaspace       used 56674K, capacity 58938K, committed 59028K, reserved 1099776K
  class space    used 7426K, capacity 7913K, committed 7936K, reserved 1048576K
Event: 38.990 GC heap after
Heap after GC invocations=13 (full 2):
 PSYoungGen      total 171520K, used 18427K [0x00000000d5580000, 0x00000000e3f00000, 0x0000000100000000)
  eden space 153088K, 0% used [0x00000000d5580000,0x00000000d5580000,0x00000000deb00000)
  from space 18432K, 99% used [0x00000000deb00000,0x00000000dfcfefc8,0x00000000dfd00000)
  to   space 21504K, 0% used [0x00000000e2a00000,0x00000000e2a00000,0x00000000e3f00000)
 ParOldGen       total 121344K, used 22288K [0x0000000080000000, 0x0000000087680000, 0x00000000d5580000)
  object space 121344K, 18% used [0x0000000080000000,0x00000000815c40a8,0x0000000087680000)
 Metaspace       used 56674K, capacity 58938K, committed 59028K, reserved 1099776K
  class space    used 7426K, capacity 7913K, committed 7936K, reserved 1048576K
}
Event: 38.990 GC heap before
{Heap before GC invocations=14 (full 3):
 PSYoungGen      total 171520K, used 18427K [0x00000000d5580000, 0x00000000e3f00000, 0x0000000100000000)
  eden space 153088K, 0% used [0x00000000d5580000,0x00000000d5580000,0x00000000deb00000)
  from space 18432K, 99% used [0x00000000deb00000,0x00000000dfcfefc8,0x00000000dfd00000)
  to   space 21504K, 0% used [0x00000000e2a00000,0x00000000e2a00000,0x00000000e3f00000)
 ParOldGen       total 121344K, used 22288K [0x0000000080000000, 0x0000000087680000, 0x00000000d5580000)
  object space 121344K, 18% used [0x0000000080000000,0x00000000815c40a8,0x0000000087680000)
 Metaspace       used 56674K, capacity 58938K, committed 59028K, reserved 1099776K
  class space    used 7426K, capacity 7913K, committed 7936K, reserved 1048576K
Event: 39.874 GC heap after
Heap after GC invocations=14 (full 3):
 PSYoungGen      total 171520K, used 0K [0x00000000d5580000, 0x00000000e3f00000, 0x0000000100000000)
  eden space 153088K, 0% used [0x00000000d5580000,0x00000000d5580000,0x00000000deb00000)
  from space 18432K, 0% used [0x00000000deb00000,0x00000000deb00000,0x00000000dfd00000)
  to   space 21504K, 0% used [0x00000000e2a00000,0x00000000e2a00000,0x00000000e3f00000)
 ParOldGen       total 182784K, used 34839K [0x0000000080000000, 0x000000008b280000, 0x00000000d5580000)
  object space 182784K, 19% used [0x0000000080000000,0x0000000082205e78,0x000000008b280000)
 Metaspace       used 56615K, capacity 58838K, committed 59028K, reserved 1099776K
  class space    used 7408K, capacity 7889K, committed 7936K, reserved 1048576K
}
Event: 91.628 GC heap before
{Heap before GC invocations=15 (full 3):
 PSYoungGen      total 171520K, used 153088K [0x00000000d5580000, 0x00000000e3f00000, 0x0000000100000000)
  eden space 153088K, 100% used [0x00000000d5580000,0x00000000deb00000,0x00000000deb00000)
  from space 18432K, 0% used [0x00000000deb00000,0x00000000deb00000,0x00000000dfd00000)
  to   space 21504K, 0% used [0x00000000e2a00000,0x00000000e2a00000,0x00000000e3f00000)
 ParOldGen       total 182784K, used 34839K [0x0000000080000000, 0x000000008b280000, 0x00000000d5580000)
  object space 182784K, 19% used [0x0000000080000000,0x0000000082205e78,0x000000008b280000)
 Metaspace       used 65699K, capacity 68658K, committed 68824K, reserved 1110016K
  class space    used 8494K, capacity 9173K, committed 9216K, reserved 1048576K
Event: 91.707 GC heap after
Heap after GC invocations=15 (full 3):
 PSYoungGen      total 194048K, used 15326K [0x00000000d5580000, 0x00000000e3900000, 0x0000000100000000)
  eden space 178688K, 0% used [0x00000000d5580000,0x00000000d5580000,0x00000000e0400000)
  from space 15360K, 99% used [0x00000000e2a00000,0x00000000e38f7930,0x00000000e3900000)
  to   space 22016K, 0% used [0x00000000e0e00000,0x00000000e0e00000,0x00000000e2380000)
 ParOldGen       total 182784K, used 34847K [0x0000000080000000, 0x000000008b280000, 0x00000000d5580000)
  object space 182784K, 19% used [0x0000000080000000,0x0000000082207e78,0x000000008b280000)
 Metaspace       used 65699K, capacity 68658K, committed 68824K, reserved 1110016K
  class space    used 8494K, capacity 9173K, committed 9216K, reserved 1048576K
}

