# JRE version: OpenJDK Runtime Environment (8.0_242-b01) (build 1.8.0_242-release-1644-b01)
# Java VM: OpenJDK 64-Bit Server VM (25.242-b01 mixed mode windows-amd64 compressed oops)
Heap:
 PSYoungGen      total 102912K, used 30088K [0x00000000eab00000, 0x00000000f5b80000, 0x0000000100000000)
  eden space 91648K, 20% used [0x00000000eab00000,0x00000000ebd62f60,0x00000000f0480000)
  from space 11264K, 99% used [0x00000000f0480000,0x00000000f0f7f110,0x00000000f0f80000)
  to   space 13824K, 0% used [0x00000000f4e00000,0x00000000f4e00000,0x00000000f5b80000)
 ParOldGen       total 67584K, used 8662K [0x00000000c0000000, 0x00000000c4200000, 0x00000000eab00000)
  object space 67584K, 12% used [0x00000000c0000000,0x00000000c0875938,0x00000000c4200000)
 Metaspace       used 33729K, capacity 35040K, committed 35200K, reserved 1079296K
  class space    used 4561K, capacity 4875K, committed 4992K, reserved 1048576K
GC Heap History (10 events):
Event: 8.680 GC heap before
{Heap before GC invocations=4 (full 0):
 PSYoungGen      total 57344K, used 57321K [0x00000000eab00000, 0x00000000eeb00000, 0x0000000100000000)
  eden space 49152K, 100% used [0x00000000eab00000,0x00000000edb00000,0x00000000edb00000)
  from space 8192K, 99% used [0x00000000edb00000,0x00000000ee2fa7d8,0x00000000ee300000)
  to   space 8192K, 0% used [0x00000000ee300000,0x00000000ee300000,0x00000000eeb00000)
 ParOldGen       total 131072K, used 859K [0x00000000c0000000, 0x00000000c8000000, 0x00000000eab00000)
  object space 131072K, 0% used [0x00000000c0000000,0x00000000c00d6d80,0x00000000c8000000)
 Metaspace       used 20062K, capacity 20704K, committed 20992K, reserved 1067008K
  class space    used 2785K, capacity 2956K, committed 3072K, reserved 1048576K
Event: 8.700 GC heap after
Heap after GC invocations=4 (full 0):
 PSYoungGen      total 57344K, used 8177K [0x00000000eab00000, 0x00000000f1b00000, 0x0000000100000000)
  eden space 49152K, 0% used [0x00000000eab00000,0x00000000eab00000,0x00000000edb00000)
  from space 8192K, 99% used [0x00000000ee300000,0x00000000eeafc7d0,0x00000000eeb00000)
  to   space 8192K, 0% used [0x00000000edb00000,0x00000000edb00000,0x00000000ee300000)
 ParOldGen       total 131072K, used 2776K [0x00000000c0000000, 0x00000000c8000000, 0x00000000eab00000)
  object space 131072K, 2% used [0x00000000c0000000,0x00000000c02b6360,0x00000000c8000000)
 Metaspace       used 20062K, capacity 20704K, committed 20992K, reserved 1067008K
  class space    used 2785K, capacity 2956K, committed 3072K, reserved 1048576K
}
Event: 8.804 GC heap before
{Heap before GC invocations=5 (full 0):
 PSYoungGen      total 57344K, used 12101K [0x00000000eab00000, 0x00000000f1b00000, 0x0000000100000000)
  eden space 49152K, 7% used [0x00000000eab00000,0x00000000eaed4d40,0x00000000edb00000)
  from space 8192K, 99% used [0x00000000ee300000,0x00000000eeafc7d0,0x00000000eeb00000)
  to   space 8192K, 0% used [0x00000000edb00000,0x00000000edb00000,0x00000000ee300000)
 ParOldGen       total 131072K, used 2776K [0x00000000c0000000, 0x00000000c8000000, 0x00000000eab00000)
  object space 131072K, 2% used [0x00000000c0000000,0x00000000c02b6360,0x00000000c8000000)
 Metaspace       used 20457K, capacity 21146K, committed 21248K, reserved 1067008K
  class space    used 2849K, capacity 3033K, committed 3072K, reserved 1048576K
Event: 8.821 GC heap after
Heap after GC invocations=5 (full 0):
 PSYoungGen      total 57344K, used 7077K [0x00000000eab00000, 0x00000000f2100000, 0x0000000100000000)
  eden space 49152K, 0% used [0x00000000eab00000,0x00000000eab00000,0x00000000edb00000)
  from space 8192K, 86% used [0x00000000edb00000,0x00000000ee1e94e8,0x00000000ee300000)
  to   space 11264K, 0% used [0x00000000f1600000,0x00000000f1600000,0x00000000f2100000)
 ParOldGen       total 131072K, used 2784K [0x00000000c0000000, 0x00000000c8000000, 0x00000000eab00000)
  object space 131072K, 2% used [0x00000000c0000000,0x00000000c02b8360,0x00000000c8000000)
 Metaspace       used 20457K, capacity 21146K, committed 21248K, reserved 1067008K
  class space    used 2849K, capacity 3033K, committed 3072K, reserved 1048576K
}
Event: 8.821 GC heap before
{Heap before GC invocations=6 (full 1):
 PSYoungGen      total 57344K, used 7077K [0x00000000eab00000, 0x00000000f2100000, 0x0000000100000000)
  eden space 49152K, 0% used [0x00000000eab00000,0x00000000eab00000,0x00000000edb00000)
  from space 8192K, 86% used [0x00000000edb00000,0x00000000ee1e94e8,0x00000000ee300000)
  to   space 11264K, 0% used [0x00000000f1600000,0x00000000f1600000,0x00000000f2100000)
 ParOldGen       total 131072K, used 2784K [0x00000000c0000000, 0x00000000c8000000, 0x00000000eab00000)
  object space 131072K, 2% used [0x00000000c0000000,0x00000000c02b8360,0x00000000c8000000)
 Metaspace       used 20457K, capacity 21146K, committed 21248K, reserved 1067008K
  class space    used 2849K, capacity 3033K, committed 3072K, reserved 1048576K
Event: 8.909 GC heap after
Heap after GC invocations=6 (full 1):
 PSYoungGen      total 57344K, used 0K [0x00000000eab00000, 0x00000000f2100000, 0x0000000100000000)
  eden space 49152K, 0% used [0x00000000eab00000,0x00000000eab00000,0x00000000edb00000)
  from space 8192K, 0% used [0x00000000edb00000,0x00000000edb00000,0x00000000ee300000)
  to   space 11264K, 0% used [0x00000000f1600000,0x00000000f1600000,0x00000000f2100000)
 ParOldGen       total 67584K, used 6938K [0x00000000c0000000, 0x00000000c4200000, 0x00000000eab00000)
  object space 67584K, 10% used [0x00000000c0000000,0x00000000c06c6930,0x00000000c4200000)
 Metaspace       used 20457K, capacity 21146K, committed 21248K, reserved 1067008K
  class space    used 2849K, capacity 3033K, committed 3072K, reserved 1048576K
}
Event: 10.553 GC heap before
{Heap before GC invocations=7 (full 1):
 PSYoungGen      total 57344K, used 49152K [0x00000000eab00000, 0x00000000f2100000, 0x0000000100000000)
  eden space 49152K, 100% used [0x00000000eab00000,0x00000000edb00000,0x00000000edb00000)
  from space 8192K, 0% used [0x00000000edb00000,0x00000000edb00000,0x00000000ee300000)
  to   space 11264K, 0% used [0x00000000f1600000,0x00000000f1600000,0x00000000f2100000)
 ParOldGen       total 67584K, used 6938K [0x00000000c0000000, 0x00000000c4200000, 0x00000000eab00000)
  object space 67584K, 10% used [0x00000000c0000000,0x00000000c06c6930,0x00000000c4200000)
 Metaspace       used 23049K, capacity 24088K, committed 24320K, reserved 1071104K
  class space    used 3264K, capacity 3524K, committed 3584K, reserved 1048576K
Event: 10.564 GC heap after
Heap after GC invocations=7 (full 1):
 PSYoungGen      total 92160K, used 4512K [0x00000000eab00000, 0x00000000f1a80000, 0x0000000100000000)
  eden space 87552K, 0% used [0x00000000eab00000,0x00000000eab00000,0x00000000f0080000)
  from space 4608K, 97% used [0x00000000f1600000,0x00000000f1a68378,0x00000000f1a80000)
  to   space 11264K, 0% used [0x00000000f0480000,0x00000000f0480000,0x00000000f0f80000)
 ParOldGen       total 67584K, used 6946K [0x00000000c0000000, 0x00000000c4200000, 0x00000000eab00000)
  object space 67584K, 10% used [0x00000000c0000000,0x00000000c06c8930,0x00000000c4200000)
 Metaspace       used 23049K, capacity 24088K, committed 24320K, reserved 1071104K
  class space    used 3264K, capacity 3524K, committed 3584K, reserved 1048576K
}
Event: 14.216 GC heap before
{Heap before GC invocations=8 (full 1):
 PSYoungGen      total 92160K, used 92064K [0x00000000eab00000, 0x00000000f1a80000, 0x0000000100000000)
  eden space 87552K, 100% used [0x00000000eab00000,0x00000000f0080000,0x00000000f0080000)
  from space 4608K, 97% used [0x00000000f1600000,0x00000000f1a68378,0x00000000f1a80000)
  to   space 11264K, 0% used [0x00000000f0480000,0x00000000f0480000,0x00000000f0f80000)
 ParOldGen       total 67584K, used 6946K [0x00000000c0000000, 0x00000000c4200000, 0x00000000eab00000)
  object space 67584K, 10% used [0x00000000c0000000,0x00000000c06c8930,0x00000000c4200000)
 Metaspace       used 33220K, capacity 34416K, committed 34816K, reserved 1079296K
  class space    used 4494K, capacity 4783K, committed 4864K, reserved 1048576K
Event: 14.263 GC heap after
Heap after GC invocations=8 (full 1):
 PSYoungGen      total 102912K, used 11260K [0x00000000eab00000, 0x00000000f5b80000, 0x0000000100000000)
  eden space 91648K, 0% used [0x00000000eab00000,0x00000000eab00000,0x00000000f0480000)
  from space 11264K, 99% used [0x00000000f0480000,0x00000000f0f7f110,0x00000000f0f80000)
  to   space 13824K, 0% used [0x00000000f4e00000,0x00000000f4e00000,0x00000000f5b80000)
 ParOldGen       total 67584K, used 8662K [0x00000000c0000000, 0x00000000c4200000, 0x00000000eab00000)
  object space 67584K, 12% used [0x00000000c0000000,0x00000000c0875938,0x00000000c4200000)
 Metaspace       used 33220K, capacity 34416K, committed 34816K, reserved 1079296K
  class space    used 4494K, capacity 4783K, committed 4864K, reserved 1048576K
}

